<?xml version="1.0" encoding="UTF-8"?>
<!-- Generated by org.testng.reporters.JUnitReportReporter -->
<testsuite skipped="0" hostname="nani566" name="com.Base.BaseSetup" tests="1" failures="0" timestamp="01 Jun 2018 05:10:33 GMT" time="6.452" errors="0">
  <testcase name="push" time="6.452" classname="com.Base.BaseSetup"/>
</testsuite> <!-- com.Base.BaseSetup -->
