<?xml version="1.0" encoding="UTF-8"?>
<!-- Generated by org.testng.reporters.JUnitReportReporter -->
<testsuite skipped="0" hostname="nani566" name="com.Test.Register" tests="1" failures="0" timestamp="19 Jun 2018 16:56:29 GMT" time="5.121" errors="0">
  <testcase name="verifyRegister" time="5.121" classname="com.Test.Register"/>
</testsuite> <!-- com.Test.Register -->
