<?xml version="1.0" encoding="UTF-8"?>
<!-- Generated by org.testng.reporters.JUnitReportReporter -->
<testsuite skipped="0" hostname="nani566" name="com.Test.TestCc" tests="3" failures="0" timestamp="07 Jun 2018 14:00:06 GMT" time="5.396" errors="0">
  <testcase name="verifyRegister" time="2.555" classname="com.Test.TestCc"/>
  <testcase name="verifylogin" time="0.968" classname="com.Test.TestCc"/>
  <testcase name="verifyAddAd" time="1.873" classname="com.Test.TestCc"/>
</testsuite> <!-- com.Test.TestCc -->
