<?xml version="1.0" encoding="UTF-8"?>
<!-- Generated by org.testng.reporters.JUnitReportReporter -->
<testsuite skipped="0" hostname="nani566" name="com.Test.AddAd" tests="1" failures="0" timestamp="07 Jun 2018 10:27:01 GMT" time="2.344" errors="0">
  <testcase name="verifyAddAd" time="2.344" classname="com.Test.AddAd"/>
</testsuite> <!-- com.Test.AddAd -->
