<?xml version="1.0" encoding="UTF-8"?>
<!-- Generated by org.testng.reporters.JUnitReportReporter -->
<testsuite skipped="0" hostname="nani566" name="com.Test10.TestSample" tests="1" failures="0" timestamp="18 Jun 2018 05:24:15 GMT" time="0.011" errors="0">
  <testcase name="Simple" time="0.011" classname="com.Test10.TestSample"/>
</testsuite> <!-- com.Test10.TestSample -->
