<?xml version="1.0" encoding="UTF-8"?>
<!-- Generated by org.testng.reporters.JUnitReportReporter -->
<testsuite skipped="0" hostname="nani566" name="com.Annotations1.Annotations1" tests="2" failures="0" timestamp="21 Jun 2018 04:12:45 GMT" time="0.024" errors="0">
  <testcase name="gmailApplication" time="0.010" classname="com.Annotations1.Annotations1"/>
  <testcase name="composeEmail" time="0.014" classname="com.Annotations1.Annotations1"/>
</testsuite> <!-- com.Annotations1.Annotations1 -->
