<?xml version="1.0" encoding="UTF-8"?>
<!-- Generated by org.testng.reporters.JUnitReportReporter -->
<testsuite skipped="0" hostname="nani566" name="com.Annotations1.NewTours_LogInFunctionality_testNG" tests="1" failures="0" timestamp="20 Jun 2018 04:40:39 GMT" time="16.300" errors="0">
  <testcase name="LogIn" time="16.300" classname="com.Annotations1.NewTours_LogInFunctionality_testNG"/>
</testsuite> <!-- com.Annotations1.NewTours_LogInFunctionality_testNG -->
