<?xml version="1.0" encoding="UTF-8"?>
<!-- Generated by org.testng.reporters.JUnitReportReporter -->
<testsuite skipped="0" hostname="nani566" name="com.Annotations1.NewTours_register_Usernmae" tests="2" failures="0" timestamp="21 Jun 2018 05:26:18 GMT" time="229.002" errors="0">
  <testcase name="Register" time="6.645" classname="com.Annotations1.NewTours_register_Usernmae"/>
  <testcase name="enterRegisterFields" time="222.357" classname="com.Annotations1.NewTours_register_Usernmae"/>
</testsuite> <!-- com.Annotations1.NewTours_register_Usernmae -->
