<?xml version="1.0" encoding="UTF-8"?>
<!-- Generated by org.testng.reporters.JUnitReportReporter -->
<testsuite skipped="0" hostname="nani566" name="com.HybridFrameWork.NewTours_Testing_AllLinks" tests="1" failures="0" timestamp="27 Jun 2018 01:33:48 GMT" time="31.708" errors="0">
  <testcase name="CheckAllLinksApp" time="31.708" classname="com.HybridFrameWork.NewTours_Testing_AllLinks"/>
</testsuite> <!-- com.HybridFrameWork.NewTours_Testing_AllLinks -->
