<?xml version="1.0" encoding="UTF-8"?>
<!-- Generated by org.testng.reporters.JUnitReportReporter -->
<testsuite skipped="0" hostname="nani566" name="com.Uploadimage.UploadImageForGmail" tests="1" failures="0" timestamp="26 Jun 2018 18:35:55 GMT" time="36.678" errors="0">
  <testcase name="setUp" time="36.678" classname="com.Uploadimage.UploadImageForGmail"/>
</testsuite> <!-- com.Uploadimage.UploadImageForGmail -->
