<?xml version="1.0" encoding="UTF-8"?>
<!-- Generated by org.testng.reporters.JUnitReportReporter -->
<testsuite skipped="0" hostname="nani566" name="com.HybridFrameWork.NewTours_All_Links_Tested" tests="1" failures="0" timestamp="26 Jun 2018 13:07:15 GMT" time="1.187" errors="0">
  <testcase name="CheckAllLinksApp" time="1.187" classname="com.HybridFrameWork.NewTours_All_Links_Tested"/>
</testsuite> <!-- com.HybridFrameWork.NewTours_All_Links_Tested -->
