<?xml version="1.0" encoding="UTF-8"?>
<!-- Generated by org.testng.reporters.JUnitReportReporter -->
<testsuite skipped="0" hostname="nani566" name="com.Annotations1.NewTours_register_Username" tests="2" failures="0" timestamp="23 Jun 2018 05:22:10 GMT" time="7.241" errors="0">
  <testcase name="Register" time="2.016" classname="com.Annotations1.NewTours_register_Username"/>
  <testcase name="enterRegisterFields" time="5.225" classname="com.Annotations1.NewTours_register_Username"/>
</testsuite> <!-- com.Annotations1.NewTours_register_Username -->
