<?xml version="1.0" encoding="UTF-8"?>
<!-- Generated by org.testng.reporters.JUnitReportReporter -->
<testsuite skipped="0" hostname="nani566" name="com.Base.BaseSetup" tests="1" failures="0" timestamp="30 May 2018 17:23:30 GMT" time="0.012" errors="0">
  <testcase name="unitLevel1" time="0.012" classname="com.Base.BaseSetup"/>
</testsuite> <!-- com.Base.BaseSetup -->
