<?xml version="1.0" encoding="UTF-8"?>
<!-- Generated by org.testng.reporters.JUnitReportReporter -->
<testsuite skipped="0" hostname="nani566" name="com.Annotations1.NewTours_Login_Propeties" tests="1" failures="0" timestamp="22 Jun 2018 13:44:40 GMT" time="120.138" errors="0">
  <testcase name="logIn" time="120.138" classname="com.Annotations1.NewTours_Login_Propeties"/>
</testsuite> <!-- com.Annotations1.NewTours_Login_Propeties -->
