<?xml version="1.0" encoding="UTF-8"?>
<!-- Generated by org.testng.reporters.JUnitReportReporter -->
<testsuite skipped="0" hostname="nani566" name="com.Annotations1.Annotations2" tests="1" failures="0" timestamp="20 Jun 2018 04:24:49 GMT" time="0.016" errors="0">
  <testcase name="Application" time="0.016" classname="com.Annotations1.Annotations2"/>
</testsuite> <!-- com.Annotations1.Annotations2 -->
