<?xml version="1.0" encoding="UTF-8"?>
<!-- Generated by org.testng.reporters.JUnitReportReporter -->
<testsuite skipped="0" hostname="nani566" name="com.PageOfModel.NewToursHHomePageTesting" tests="1" failures="0" timestamp="27 Jun 2018 04:55:36 GMT" time="8.843" errors="0">
  <testcase name="HomePageTesting" time="8.843" classname="com.PageOfModel.NewToursHHomePageTesting"/>
</testsuite> <!-- com.PageOfModel.NewToursHHomePageTesting -->
