<?xml version="1.0" encoding="UTF-8"?>
<!-- Generated by org.testng.reporters.JUnitReportReporter -->
<testsuite skipped="0" hostname="nani566" name="com.Synchronization.Synchronization_weights" tests="1" failures="0" timestamp="07 Jun 2018 17:45:46 GMT" time="49.577" errors="0">
  <testcase name="Weiht" time="49.577" classname="com.Synchronization.Synchronization_weights"/>
</testsuite> <!-- com.Synchronization.Synchronization_weights -->
