<?xml version="1.0" encoding="UTF-8"?>
<!-- Generated by org.testng.reporters.JUnitReportReporter -->
<testsuite skipped="0" hostname="nani566" name="com.Test.Test1" tests="1" failures="0" timestamp="31 May 2018 17:56:11 GMT" time="1.326" errors="0">
  <testcase name="login" time="1.326" classname="com.Test.Test1"/>
</testsuite> <!-- com.Test.Test1 -->
